# JRE version: OpenJDK Runtime Environment (11.0.11+9) (build 11.0.11+9-b60-7590822)
# Java VM: OpenJDK 64-Bit Server VM (11.0.11+9-b60-7590822, mixed mode, tiered, compressed oops, g1 gc, windows-amd64)
Heap:
 garbage-first heap   total 370688K, used 210746K [0x0000000080000000, 0x0000000100000000)
  region size 1024K, 108 young (110592K), 1 survivors (1024K)
 Metaspace       used 103732K, capacity 106284K, committed 106448K, reserved 1140736K
  class space    used 13293K, capacity 14266K, committed 14336K, reserved 1048576K
GC Heap History (20 events):
Event: 16.999 GC heap before
{Heap before GC invocations=24 (full 0):
 garbage-first heap   total 157696K, used 113889K [0x0000000080000000, 0x0000000100000000)
  region size 1024K, 25 young (25600K), 1 survivors (1024K)
 Metaspace       used 84390K, capacity 86481K, committed 86864K, reserved 1124352K
  class space    used 10926K, capacity 11737K, committed 11904K, reserved 1048576K
}
Event: 17.012 GC heap after
{Heap after GC invocations=25 (full 0):
 garbage-first heap   total 157696K, used 93891K [0x0000000080000000, 0x0000000100000000)
  region size 1024K, 4 young (4096K), 4 survivors (4096K)
 Metaspace       used 84390K, capacity 86481K, committed 86864K, reserved 1124352K
  class space    used 10926K, capacity 11737K, committed 11904K, reserved 1048576K
}
Event: 17.568 GC heap before
{Heap before GC invocations=26 (full 0):
 garbage-first heap   total 157696K, used 138947K [0x0000000080000000, 0x0000000100000000)
  region size 1024K, 34 young (34816K), 4 survivors (4096K)
 Metaspace       used 86652K, capacity 88831K, committed 89040K, reserved 1126400K
  class space    used 11101K, capacity 11944K, committed 12032K, reserved 1048576K
}
Event: 17.633 GC heap after
{Heap after GC invocations=27 (full 0):
 garbage-first heap   total 189440K, used 93874K [0x0000000080000000, 0x0000000100000000)
  region size 1024K, 4 young (4096K), 4 survivors (4096K)
 Metaspace       used 86652K, capacity 88831K, committed 89040K, reserved 1126400K
  class space    used 11101K, capacity 11944K, committed 12032K, reserved 1048576K
}
Event: 17.954 GC heap before
{Heap before GC invocations=27 (full 0):
 garbage-first heap   total 189440K, used 139954K [0x0000000080000000, 0x0000000100000000)
  region size 1024K, 50 young (51200K), 4 survivors (4096K)
 Metaspace       used 88907K, capacity 91104K, committed 91472K, reserved 1128448K
  class space    used 11266K, capacity 12104K, committed 12160K, reserved 1048576K
}
Event: 17.960 GC heap after
{Heap after GC invocations=28 (full 0):
 garbage-first heap   total 189440K, used 96088K [0x0000000080000000, 0x0000000100000000)
  region size 1024K, 3 young (3072K), 3 survivors (3072K)
 Metaspace       used 88907K, capacity 91104K, committed 91472K, reserved 1128448K
  class space    used 11266K, capacity 12104K, committed 12160K, reserved 1048576K
}
Event: 19.042 GC heap before
{Heap before GC invocations=29 (full 0):
 garbage-first heap   total 189440K, used 131928K [0x0000000080000000, 0x0000000100000000)
  region size 1024K, 50 young (51200K), 3 survivors (3072K)
 Metaspace       used 90708K, capacity 92910K, committed 93264K, reserved 1130496K
  class space    used 11441K, capacity 12271K, committed 12416K, reserved 1048576K
}
Event: 19.048 GC heap after
{Heap after GC invocations=30 (full 0):
 garbage-first heap   total 189440K, used 86367K [0x0000000080000000, 0x0000000100000000)
  region size 1024K, 5 young (5120K), 5 survivors (5120K)
 Metaspace       used 90708K, capacity 92910K, committed 93264K, reserved 1130496K
  class space    used 11441K, capacity 12271K, committed 12416K, reserved 1048576K
}
Event: 19.161 GC heap before
{Heap before GC invocations=30 (full 0):
 garbage-first heap   total 189440K, used 90463K [0x0000000080000000, 0x0000000100000000)
  region size 1024K, 9 young (9216K), 5 survivors (5120K)
 Metaspace       used 90977K, capacity 93149K, committed 93520K, reserved 1130496K
  class space    used 11471K, capacity 12308K, committed 12416K, reserved 1048576K
}
Event: 19.168 GC heap after
{Heap after GC invocations=31 (full 0):
 garbage-first heap   total 189440K, used 82879K [0x0000000080000000, 0x0000000100000000)
  region size 1024K, 1 young (1024K), 1 survivors (1024K)
 Metaspace       used 90977K, capacity 93149K, committed 93520K, reserved 1130496K
  class space    used 11471K, capacity 12308K, committed 12416K, reserved 1048576K
}
Event: 19.950 GC heap before
{Heap before GC invocations=31 (full 0):
 garbage-first heap   total 189440K, used 139199K [0x0000000080000000, 0x0000000100000000)
  region size 1024K, 56 young (57344K), 1 survivors (1024K)
 Metaspace       used 94550K, capacity 96833K, committed 96976K, reserved 1134592K
  class space    used 11911K, capacity 12765K, committed 12800K, reserved 1048576K
}
Event: 19.955 GC heap after
{Heap after GC invocations=32 (full 0):
 garbage-first heap   total 189440K, used 84969K [0x0000000080000000, 0x0000000100000000)
  region size 1024K, 3 young (3072K), 3 survivors (3072K)
 Metaspace       used 94550K, capacity 96833K, committed 96976K, reserved 1134592K
  class space    used 11911K, capacity 12765K, committed 12800K, reserved 1048576K
}
Event: 22.295 GC heap before
{Heap before GC invocations=32 (full 0):
 garbage-first heap   total 189440K, used 141289K [0x0000000080000000, 0x0000000100000000)
  region size 1024K, 59 young (60416K), 3 survivors (3072K)
 Metaspace       used 96293K, capacity 98541K, committed 98768K, reserved 1134592K
  class space    used 12102K, capacity 12945K, committed 13056K, reserved 1048576K
}
Event: 22.447 GC heap after
{Heap after GC invocations=33 (full 0):
 garbage-first heap   total 189440K, used 88503K [0x0000000080000000, 0x0000000100000000)
  region size 1024K, 7 young (7168K), 7 survivors (7168K)
 Metaspace       used 96293K, capacity 98541K, committed 98768K, reserved 1134592K
  class space    used 12102K, capacity 12945K, committed 13056K, reserved 1048576K
}
Event: 22.464 GC heap before
{Heap before GC invocations=33 (full 0):
 garbage-first heap   total 189440K, used 91575K [0x0000000080000000, 0x0000000100000000)
  region size 1024K, 10 young (10240K), 7 survivors (7168K)
 Metaspace       used 96350K, capacity 98646K, committed 98768K, reserved 1134592K
  class space    used 12111K, capacity 12979K, committed 13056K, reserved 1048576K
}
Event: 22.475 GC heap after
{Heap after GC invocations=34 (full 0):
 garbage-first heap   total 189440K, used 91475K [0x0000000080000000, 0x0000000100000000)
  region size 1024K, 5 young (5120K), 5 survivors (5120K)
 Metaspace       used 96350K, capacity 98646K, committed 98768K, reserved 1134592K
  class space    used 12111K, capacity 12979K, committed 13056K, reserved 1048576K
}
Event: 23.472 GC heap before
{Heap before GC invocations=35 (full 0):
 garbage-first heap   total 189440K, used 153939K [0x0000000080000000, 0x0000000100000000)
  region size 1024K, 59 young (60416K), 5 survivors (5120K)
 Metaspace       used 99675K, capacity 102090K, committed 102352K, reserved 1138688K
  class space    used 12585K, capacity 13497K, committed 13568K, reserved 1048576K
}
Event: 23.527 GC heap after
{Heap after GC invocations=36 (full 0):
 garbage-first heap   total 189440K, used 104741K [0x0000000080000000, 0x0000000100000000)
  region size 1024K, 8 young (8192K), 8 survivors (8192K)
 Metaspace       used 99675K, capacity 102090K, committed 102352K, reserved 1138688K
  class space    used 12585K, capacity 13497K, committed 13568K, reserved 1048576K
}
Event: 23.530 GC heap before
{Heap before GC invocations=36 (full 0):
 garbage-first heap   total 189440K, used 104741K [0x0000000080000000, 0x0000000100000000)
  region size 1024K, 9 young (9216K), 8 survivors (8192K)
 Metaspace       used 99679K, capacity 102090K, committed 102352K, reserved 1138688K
  class space    used 12585K, capacity 13497K, committed 13568K, reserved 1048576K
}
Event: 23.547 GC heap after
{Heap after GC invocations=37 (full 0):
 garbage-first heap   total 370688K, used 101178K [0x0000000080000000, 0x0000000100000000)
  region size 1024K, 1 young (1024K), 1 survivors (1024K)
 Metaspace       used 99679K, capacity 102090K, committed 102352K, reserved 1138688K
  class space    used 12585K, capacity 13497K, committed 13568K, reserved 1048576K
}

